
> investment-referral-crypto-ai-backend@1.0.0 start
> node src/server.js

Server running on port 5000
GET /api/plans
GET /api/plans
POST /api/auth/register
GET /api/wallet
GET /api/invest
GET /api/transactions
POST /api/auth/login
GET /api/wallet
GET /api/transactions
GET /api/invest
POST /api/auth/login
GET /api/wallet
GET /api/invest
GET /api/transactions
GET /api/wallet
GET /api/invest
GET /api/transactions
GET /api/wallet
GET /api/invest
GET /api/transactions
GET /api/wallet
GET /api/invest
GET /api/transactions
GET /api/plans
GET /api/plans
GET /api/wallet
GET /api/invest
GET /api/transactions
GET /api/wallet
GET /api/invest
GET /api/transactions
GET /api/wallet
GET /api/invest
GET /api/transactions
GET /api/wallet
GET /api/invest
GET /api/transactions
GET /api/wallet
GET /api/invest
GET /api/transactions
GET /api/wallet
GET /api/invest
GET /api/transactions
GET /api/wallet
GET /api/invest
GET /api/transactions
GET /api/wallet
GET /api/invest
GET /api/transactions
GET /api/wallet
GET /api/invest
GET /api/transactions
POST /api/auth/login
GET /api/wallet
GET /api/invest
GET /api/transactions
GET /api/wallet
GET /api/invest
GET /api/transactions
GET /api/wallet
GET /api/invest
GET /api/transactions
GET /api/wallet
GET /api/invest
GET /api/transactions
GET /api/wallet
GET /api/invest
GET /api/transactions
GET /api/wallet
GET /api/invest
GET /api/transactions
GET /api/wallet
GET /api/invest
GET /api/transactions
GET /api/wallet
GET /api/invest
GET /api/transactions
GET /api/wallet
GET /api/invest
GET /api/transactions
GET /api/wallet
GET /api/invest
GET /api/transactions
GET /api/wallet
GET /api/invest
GET /api/transactions
GET /api/wallet
GET /api/invest
GET /api/transactions
GET /api/wallet
GET /api/invest
GET /api/transactions
GET /api/wallet
GET /api/invest
GET /api/transactions
GET /api/wallet
GET /api/invest
GET /api/transactions
GET /api/wallet
GET /api/invest
GET /api/transactions
GET /api/wallet
GET /api/invest
GET /api/transactions
GET /api/wallet
GET /api/invest
GET /api/transactions
GET /api/wallet
GET /api/invest
GET /api/transactions
GET /api/wallet
GET /api/invest
GET /api/transactions
GET /api/wallet
GET /api/invest
GET /api/transactions
GET /api/wallet
GET /api/invest
GET /api/transactions
GET /api/wallet
GET /api/invest
GET /api/transactions
GET /api/wallet
GET /api/invest
GET /api/transactions
GET /api/wallet
GET /api/invest
GET /api/transactions
GET /api/plans
GET /api/plans
GET /api/wallet
GET /api/invest
GET /api/transactions
GET /api/wallet
GET /api/invest
GET /api/transactions
GET /api/wallet
GET /api/invest
GET /api/transactions
GET /api/wallet
GET /api/invest
GET /api/transactions
GET /api/wallet
GET /api/invest
GET /api/transactions
GET /api/wallet
GET /api/invest
GET /api/transactions
POST /api/auth/login
